#
# There is insufficient memory for the Java Runtime Environment to continue.
# Native memory allocation (malloc) failed to allocate 1368176 bytes for Chunk::new
# Possible reasons:
#   The system is out of physical RAM or swap space
#   In 32 bit mode, the process size limit was hit
# Possible solutions:
#   Reduce memory load on the system
#   Increase physical memory or swap space
#   Check if swap backing store is full
#   Use 64 bit Java on a 64 bit OS
#   Decrease Java heap size (-Xmx/-Xms)
#   Decrease number of Java threads
#   Decrease Java thread stack sizes (-Xss)
#   Set larger code cache with -XX:ReservedCodeCacheSize=
# This output file may be truncated or incomplete.
#
#  Out of Memory Error (allocation.cpp:390), pid=9588, tid=0x0000000000001fe8
#
# JRE version: OpenJDK Runtime Environment (8.0_152-b02) (build 1.8.0_152-release-1024-b02)
# Java VM: OpenJDK 64-Bit Server VM (25.152-b02 mixed mode windows-amd64 compressed oops)
# Failed to write core dump. Minidumps are not enabled by default on client versions of Windows
#

---------------  T H R E A D  ---------------

Current thread (0x0000000018c1d000):  JavaThread "C2 CompilerThread1" daemon [_thread_in_native, id=8168, stack(0x00000000194f0000,0x00000000195f0000)]

Stack: [0x00000000194f0000,0x00000000195f0000]
[error occurred during error reporting (printing stack bounds), id 0xc0000005]

Native frames: (J=compiled Java code, j=interpreted, Vv=VM code, C=native code)


Current CompileTask:
C2:2236275 24162 %     4       com.android.tools.r8.ir.regalloc.LinearScanRegisterAllocator::computeLiveRanges @ 619 (706 bytes)


---------------  P R O C E S S  ---------------

Java Threads: ( => current thread )
  0x0000000020803000 JavaThread "stdout" daemon [_thread_in_native, id=6200, stack(0x000000003d2e0000,0x000000003d3e0000)]
  0x0000000020808000 JavaThread "stderr" daemon [_thread_in_native, id=2608, stack(0x000000003d1e0000,0x000000003d2e0000)]
  0x0000000020807000 JavaThread "stdout" daemon [_thread_in_native, id=9456, stack(0x000000003d0e0000,0x000000003d1e0000)]
  0x0000000020806800 JavaThread "stderr" daemon [_thread_in_native, id=9112, stack(0x000000003cfe0000,0x000000003d0e0000)]
  0x0000000020804800 JavaThread "stdout" daemon [_thread_in_native, id=1336, stack(0x000000003cee0000,0x000000003cfe0000)]
  0x0000000020802800 JavaThread "stderr" daemon [_thread_in_native, id=4900, stack(0x000000003cde0000,0x000000003cee0000)]
  0x00000000207f9800 JavaThread "stdout" daemon [_thread_in_native, id=6536, stack(0x000000003cce0000,0x000000003cde0000)]
  0x000000001eb41000 JavaThread "stderr" daemon [_thread_in_native, id=9288, stack(0x000000003cbe0000,0x000000003cce0000)]
  0x000000001eb3e000 JavaThread "stdout" daemon [_thread_in_native, id=7032, stack(0x000000003cae0000,0x000000003cbe0000)]
  0x000000001eb41800 JavaThread "stderr" daemon [_thread_in_native, id=9164, stack(0x000000003c9e0000,0x000000003cae0000)]
  0x000000001eb3d000 JavaThread "stdout" daemon [_thread_in_native, id=8016, stack(0x000000003c8e0000,0x000000003c9e0000)]
  0x000000001eb38000 JavaThread "stderr" daemon [_thread_in_native, id=3744, stack(0x000000003c7e0000,0x000000003c8e0000)]
  0x000000001eb37000 JavaThread "stdout" daemon [_thread_in_native, id=9716, stack(0x000000003c6e0000,0x000000003c7e0000)]
  0x000000001eb3c800 JavaThread "stderr" daemon [_thread_in_native, id=7872, stack(0x000000003c5e0000,0x000000003c6e0000)]
  0x000000001eb35000 JavaThread "stdout" daemon [_thread_in_native, id=2512, stack(0x000000003c4e0000,0x000000003c5e0000)]
  0x000000001eb39800 JavaThread "stderr" daemon [_thread_in_native, id=9148, stack(0x000000003c3e0000,0x000000003c4e0000)]
  0x000000001eb3b000 JavaThread "queued-resource-processor_272" daemon [_thread_blocked, id=2308, stack(0x000000003c2e0000,0x000000003c3e0000)]
  0x000000001e384800 JavaThread "queued-resource-processor_271" daemon [_thread_blocked, id=5032, stack(0x000000003c1e0000,0x000000003c2e0000)]
  0x000000001e383800 JavaThread "queued-resource-processor_270" daemon [_thread_blocked, id=7344, stack(0x000000003c0e0000,0x000000003c1e0000)]
  0x000000001e386800 JavaThread "queued-resource-processor_269" daemon [_thread_blocked, id=7036, stack(0x000000003bfe0000,0x000000003c0e0000)]
  0x000000001e382000 JavaThread "queued-resource-processor_268" daemon [_thread_blocked, id=544, stack(0x000000003bee0000,0x000000003bfe0000)]
  0x000000001e386000 JavaThread "queued-resource-processor_267" daemon [_thread_blocked, id=2848, stack(0x000000003bde0000,0x000000003bee0000)]
  0x000000001e383000 JavaThread "queued-resource-processor_266" daemon [_thread_blocked, id=6164, stack(0x000000003bce0000,0x000000003bde0000)]
  0x000000001e389000 JavaThread "queued-resource-processor_265" daemon [_thread_blocked, id=2320, stack(0x000000003bbe0000,0x000000003bce0000)]
  0x0000000020800000 JavaThread "ForkJoinPool.commonPool-worker-1" daemon [_thread_blocked, id=9304, stack(0x00000000300e0000,0x00000000301e0000)]
  0x00000000207fd000 JavaThread "ForkJoinPool.commonPool-worker-6" daemon [_thread_blocked, id=9944, stack(0x000000002ffe0000,0x00000000300e0000)]
  0x000000001e387800 JavaThread "Task worker for ':' Thread 7" [_thread_blocked, id=7996, stack(0x000000002e5e0000,0x000000002e6e0000)]
  0x000000001e37d000 JavaThread "Task worker for ':' Thread 6" [_thread_blocked, id=2132, stack(0x000000002e4e0000,0x000000002e5e0000)]
  0x000000001e37a000 JavaThread "Task worker for ':' Thread 5" [_thread_blocked, id=2624, stack(0x000000002e3e0000,0x000000002e4e0000)]
  0x000000001e37b800 JavaThread "Task worker for ':' Thread 4" [_thread_blocked, id=224, stack(0x000000002e2e0000,0x000000002e3e0000)]
  0x000000001e380000 JavaThread "Task worker for ':' Thread 3" [_thread_blocked, id=8332, stack(0x000000002e1e0000,0x000000002e2e0000)]
  0x000000001e37f000 JavaThread "Task worker for ':' Thread 2" [_thread_blocked, id=336, stack(0x000000002e0e0000,0x000000002e1e0000)]
  0x000000001e37a800 JavaThread "Task worker for ':'" [_thread_blocked, id=6320, stack(0x000000002dfe0000,0x000000002e0e0000)]
  0x000000001e37e800 JavaThread "Cache worker for Build Output Cleanup Cache (C:\Users\aleks\StudioProjects\antimoshennik\.gradle\buildOutputCleanup)" [_thread_blocked, id=1764, stack(0x000000002dee0000,0x000000002dfe0000)]
  0x000000001e37c000 JavaThread "Cache worker for task history cache (C:\Users\aleks\StudioProjects\antimoshennik\.gradle\4.4\taskHistory)" [_thread_blocked, id=9252, stack(0x000000002dde0000,0x000000002dee0000)]
  0x000000001e3ca800 JavaThread "Cache worker for file content cache (C:\Users\aleks\StudioProjects\antimoshennik\.gradle\4.4\fileContent)" [_thread_blocked, id=4708, stack(0x000000002dce0000,0x000000002dde0000)]
  0x000000001e3c9800 JavaThread "build operations Thread 8" [_thread_blocked, id=3728, stack(0x000000002dbe0000,0x000000002dce0000)]
  0x000000001e3c9000 JavaThread "build operations Thread 7" [_thread_blocked, id=5360, stack(0x000000002dae0000,0x000000002dbe0000)]
  0x000000001e3c7800 JavaThread "build operations Thread 6" [_thread_blocked, id=3820, stack(0x000000002d9e0000,0x000000002dae0000)]
  0x000000001e3c6000 JavaThread "build operations Thread 5" [_thread_blocked, id=7348, stack(0x000000002d8e0000,0x000000002d9e0000)]
  0x000000001e3c6800 JavaThread "build operations Thread 4" [_thread_blocked, id=9892, stack(0x000000002d7e0000,0x000000002d8e0000)]
  0x000000001e3c8000 JavaThread "build operations Thread 3" [_thread_blocked, id=3536, stack(0x000000002d6e0000,0x000000002d7e0000)]
  0x000000001e3bd800 JavaThread "build operations Thread 2" [_thread_blocked, id=2196, stack(0x000000002d5e0000,0x000000002d6e0000)]
  0x000000001e3c3800 JavaThread "build operations" [_thread_blocked, id=5892, stack(0x000000002d4e0000,0x000000002d5e0000)]
  0x000000001e3c2000 JavaThread "Cache worker for Artifact transforms cache (C:\Users\aleks\.gradle\caches\transforms-1)" [_thread_blocked, id=9232, stack(0x000000002d3e0000,0x000000002d4e0000)]
  0x000000001e3c1800 JavaThread "Cache worker for file hash cache (C:\Users\aleks\StudioProjects\antimoshennik\.gradle\4.4\fileHashes)" [_thread_blocked, id=3808, stack(0x000000002d2e0000,0x000000002d3e0000)]
  0x000000001e3bf000 JavaThread "Stdin handler" [_thread_blocked, id=3264, stack(0x000000002d1e0000,0x000000002d2e0000)]
  0x000000001e3bc000 JavaThread "Asynchronous log dispatcher for DefaultDaemonConnection: socket connection from /127.0.0.1:60882 to /127.0.0.1:61423" [_thread_blocked, id=8680, stack(0x000000002d0e0000,0x000000002d1e0000)]
  0x000000001e3c0000 JavaThread "Cancel handler" [_thread_blocked, id=5192, stack(0x000000002cfe0000,0x000000002d0e0000)]
  0x000000001e3c3000 JavaThread "Handler for socket connection from /127.0.0.1:60882 to /127.0.0.1:61423" [_thread_in_native, id=7640, stack(0x000000002cee0000,0x000000002cfe0000)]
  0x00000000207fe800 JavaThread "ForkJoinPool.commonPool-worker-4" daemon [_thread_blocked, id=5356, stack(0x0000000028540000,0x0000000028640000)]
  0x00000000207fe000 JavaThread "ForkJoinPool.commonPool-worker-3" daemon [_thread_blocked, id=2024, stack(0x0000000028440000,0x0000000028540000)]
  0x00000000207fc800 JavaThread "ForkJoinPool.commonPool-worker-2" daemon [_thread_blocked, id=4744, stack(0x0000000028340000,0x0000000028440000)]
  0x00000000207fb800 JavaThread "ForkJoinPool.commonPool-worker-0" daemon [_thread_blocked, id=2508, stack(0x0000000028140000,0x0000000028240000)]
  0x00000000207fb000 JavaThread "ForkJoinPool.commonPool-worker-7" daemon [_thread_blocked, id=6740, stack(0x0000000028040000,0x0000000028140000)]
  0x000000001eb35800 JavaThread "Daemon worker Thread 15" [_thread_blocked, id=3500, stack(0x000000007fa00000,0x000000007fb00000)]
  0x000000001eb3a000 JavaThread "Daemon Thread 15" [_thread_blocked, id=3596, stack(0x000000007f700000,0x000000007f800000)]
  0x000000001eb32800 JavaThread "Memory manager" [_thread_blocked, id=5108, stack(0x00000000222f0000,0x00000000223f0000)]
  0x000000001ac35000 JavaThread "File lock request listener" [_thread_in_native, id=8080, stack(0x000000001c640000,0x000000001c740000)]
  0x000000001acc1000 JavaThread "Cache worker for file hash cache (C:\Users\aleks\.gradle\caches\4.4\fileHashes)" [_thread_blocked, id=10012, stack(0x000000001c540000,0x000000001c640000)]
  0x000000001a9a6000 JavaThread "Daemon periodic checks" [_thread_blocked, id=2656, stack(0x000000001b940000,0x000000001ba40000)]
  0x000000001aaea000 JavaThread "Incoming local TCP Connector on port 60882" [_thread_in_native, id=5604, stack(0x000000001b700000,0x000000001b800000)]
  0x0000000018caa800 JavaThread "Service Thread" daemon [_thread_blocked, id=2004, stack(0x00000000197f0000,0x00000000198f0000)]
  0x0000000018c22000 JavaThread "C1 CompilerThread3" daemon [_thread_blocked, id=2644, stack(0x00000000196f0000,0x00000000197f0000)]
  0x0000000018c1e800 JavaThread "C2 CompilerThread2" daemon [_thread_in_native, id=6784, stack(0x00000000195f0000,0x00000000196f0000)]
=>0x0000000018c1d000 JavaThread "C2 CompilerThread1" daemon [_thread_in_native, id=8168, stack(0x00000000194f0000,0x00000000195f0000)]
  0x0000000018c1a800 JavaThread "C2 CompilerThread0" daemon [_thread_in_native, id=3360, stack(0x00000000193f0000,0x00000000194f0000)]
  0x0000000018c19800 JavaThread "Attach Listener" daemon [_thread_blocked, id=6712, stack(0x00000000192f0000,0x00000000193f0000)]
  0x0000000018c26800 JavaThread "Signal Dispatcher" daemon [_thread_blocked, id=9080, stack(0x00000000191f0000,0x00000000192f0000)]
  0x0000000002eee000 JavaThread "Finalizer" daemon [_thread_blocked, id=7888, stack(0x0000000018ff0000,0x00000000190f0000)]
  0x0000000002ee7000 JavaThread "Reference Handler" daemon [_thread_blocked, id=7588, stack(0x0000000018af0000,0x0000000018bf0000)]
  0x0000000002f4d800 JavaThread "main" [_thread_blocked, id=712, stack(0x0000000002ce0000,0x0000000002de0000)]

Other Threads:
  0x0000000016d05000 VMThread [stack: 0x00000000189f0000,0x0000000018af0000] [id=7164]
  0x0000000018c66800 WatcherThread [stack: 0x00000000198f0000,0x00000000199f0000] [id=3380]

VM state:not at safepoint (normal execution)

VM Mutex/Monitor currently owned by a thread: None

Heap:
 PSYoungGen      total 487424K, used 395351K [0x00000000e0000000, 0x0000000100000000, 0x0000000100000000)
  eden space 450560K, 79% used [0x00000000e0000000,0x00000000f5e16410,0x00000000fb800000)
  from space 36864K, 99% used [0x00000000fb800000,0x00000000fdbff9c8,0x00000000fdc00000)
  to   space 36864K, 0% used [0x00000000fdc00000,0x00000000fdc00000,0x0000000100000000)
 ParOldGen       total 182272K, used 70464K [0x00000000a0000000, 0x00000000ab200000, 0x00000000e0000000)
  object space 182272K, 38% used [0x00000000a0000000,0x00000000a44d03d8,0x00000000ab200000)
 Metaspace       used 84240K, capacity 89454K, committed 92184K, reserved 1130496K
  class space    used 10535K, capacity 11414K, committed 12080K, reserved 1048576K

Card table byte_map: [0x0000000012310000,0x0000000012620000] byte_map_base: 0x0000000011e10000

Marking Bits: (ParMarkBitMap*) 0x000000006f484970
 Begin Bits: [0x0000000013020000, 0x0000000014820000)
 End Bits:   [0x0000000014820000, 0x0000000016020000)

Polling page: 0x0000000001030000

CodeCache: size=245760Kb used=66947Kb max_used=66973Kb free=178812Kb
 bounds [0x0000000002f50000, 0x0000000007130000, 0x0000000011f50000]
 total_blobs=20014 nmethods=19174 adapters=752
 compilation: enabled

Compilation events (10 events):
Event: 2235.702 Thread 0x0000000018c22000 24801       1       com.android.builder.internal.aapt.AaptPackageConfig::getSplits (5 bytes)
Event: 2235.702 Thread 0x0000000018c22000 nmethod 24801 0x00000000070da790 code [0x00000000070da8e0, 0x00000000070da9f0]
Event: 2235.714 Thread 0x0000000018c22000 24802       2       com.google.common.base.MoreObjects$ToStringHelper::add (7 bytes)
Event: 2235.714 Thread 0x0000000018c22000 nmethod 24802 0x00000000070da190 code [0x00000000070da300, 0x00000000070da5c8]
Event: 2235.716 Thread 0x0000000018c22000 24803       2       com.google.common.base.MoreObjects$ToStringHelper::addHolder (24 bytes)
Event: 2235.717 Thread 0x0000000018c22000 nmethod 24803 0x00000000070d9d90 code [0x00000000070d9ee0, 0x00000000070da0b0]
Event: 2235.829 Thread 0x0000000018c1e800 nmethod 24360 0x000000000711e550 code [0x000000000711eaa0, 0x0000000007122fd0]
Event: 2235.832 Thread 0x0000000018c1e800 24201       4       com.android.tools.r8.ir.code.BasicBlock::hasPathTo (113 bytes)
Event: 2235.851 Thread 0x0000000018c1e800 nmethod 24201 0x00000000070fd750 code [0x00000000070fd900, 0x00000000070fe228]
Event: 2235.853 Thread 0x0000000018c1e800 24141 %     4       com.android.tools.r8.ir.optimize.PeepholeOptimizer::shareIdenticalBlockSuffix @ 62 (654 bytes)

GC Heap History (10 events):
Event: 2229.972 GC heap before
{Heap before GC invocations=35 (full 4):
 PSYoungGen      total 488448K, used 474811K [0x00000000e0000000, 0x00000000fff00000, 0x0000000100000000)
  eden space 454656K, 100% used [0x00000000e0000000,0x00000000fbc00000,0x00000000fbc00000)
  from space 33792K, 59% used [0x00000000fde00000,0x00000000ff1aeea0,0x00000000fff00000)
  to   space 34304K, 0% used [0x00000000fbc00000,0x00000000fbc00000,0x00000000fdd80000)
 ParOldGen       total 182272K, used 52170K [0x00000000a0000000, 0x00000000ab200000, 0x00000000e0000000)
  object space 182272K, 28% used [0x00000000a0000000,0x00000000a32f2900,0x00000000ab200000)
 Metaspace       used 84067K, capacity 89252K, committed 92184K, reserved 1130496K
  class space    used 10533K, capacity 11411K, committed 12080K, reserved 1048576K
Event: 2229.997 GC heap after
Heap after GC invocations=35 (full 4):
 PSYoungGen      total 488960K, used 23333K [0x00000000e0000000, 0x0000000100000000, 0x0000000100000000)
  eden space 454656K, 0% used [0x00000000e0000000,0x00000000e0000000,0x00000000fbc00000)
  from space 34304K, 68% used [0x00000000fbc00000,0x00000000fd2c9610,0x00000000fdd80000)
  to   space 34816K, 0% used [0x00000000fde00000,0x00000000fde00000,0x0000000100000000)
 ParOldGen       total 182272K, used 52178K [0x00000000a0000000, 0x00000000ab200000, 0x00000000e0000000)
  object space 182272K, 28% used [0x00000000a0000000,0x00000000a32f4900,0x00000000ab200000)
 Metaspace       used 84067K, capacity 89252K, committed 92184K, reserved 1130496K
  class space    used 10533K, capacity 11411K, committed 12080K, reserved 1048576K
}
Event: 2230.562 GC heap before
{Heap before GC invocations=36 (full 4):
 PSYoungGen      total 488960K, used 477989K [0x00000000e0000000, 0x0000000100000000, 0x0000000100000000)
  eden space 454656K, 100% used [0x00000000e0000000,0x00000000fbc00000,0x00000000fbc00000)
  from space 34304K, 68% used [0x00000000fbc00000,0x00000000fd2c9610,0x00000000fdd80000)
  to   space 34816K, 0% used [0x00000000fde00000,0x00000000fde00000,0x0000000100000000)
 ParOldGen       total 182272K, used 52178K [0x00000000a0000000, 0x00000000ab200000, 0x00000000e0000000)
  object space 182272K, 28% used [0x00000000a0000000,0x00000000a32f4900,0x00000000ab200000)
 Metaspace       used 84093K, capacity 89316K, committed 92184K, reserved 1130496K
  class space    used 10534K, capacity 11411K, committed 12080K, reserved 1048576K
Event: 2230.593 GC heap after
Heap after GC invocations=36 (full 4):
 PSYoungGen      total 486400K, used 26353K [0x00000000e0000000, 0x0000000100000000, 0x0000000100000000)
  eden space 451584K, 0% used [0x00000000e0000000,0x00000000e0000000,0x00000000fb900000)
  from space 34816K, 75% used [0x00000000fde00000,0x00000000ff7bc7a0,0x0000000100000000)
  to   space 36352K, 0% used [0x00000000fb900000,0x00000000fb900000,0x00000000fdc80000)
 ParOldGen       total 182272K, used 52178K [0x00000000a0000000, 0x00000000ab200000, 0x00000000e0000000)
  object space 182272K, 28% used [0x00000000a0000000,0x00000000a32f4900,0x00000000ab200000)
 Metaspace       used 84093K, capacity 89316K, committed 92184K, reserved 1130496K
  class space    used 10534K, capacity 11411K, committed 12080K, reserved 1048576K
}
Event: 2231.098 GC heap before
{Heap before GC invocations=37 (full 4):
 PSYoungGen      total 486400K, used 477937K [0x00000000e0000000, 0x0000000100000000, 0x0000000100000000)
  eden space 451584K, 100% used [0x00000000e0000000,0x00000000fb900000,0x00000000fb900000)
  from space 34816K, 75% used [0x00000000fde00000,0x00000000ff7bc7a0,0x0000000100000000)
  to   space 36352K, 0% used [0x00000000fb900000,0x00000000fb900000,0x00000000fdc80000)
 ParOldGen       total 182272K, used 52178K [0x00000000a0000000, 0x00000000ab200000, 0x00000000e0000000)
  object space 182272K, 28% used [0x00000000a0000000,0x00000000a32f4900,0x00000000ab200000)
 Metaspace       used 84110K, capacity 89316K, committed 92184K, reserved 1130496K
  class space    used 10534K, capacity 11411K, committed 12080K, reserved 1048576K
Event: 2231.121 GC heap after
Heap after GC invocations=37 (full 4):
 PSYoungGen      total 487936K, used 7833K [0x00000000e0000000, 0x0000000100000000, 0x0000000100000000)
  eden space 451584K, 0% used [0x00000000e0000000,0x00000000e0000000,0x00000000fb900000)
  from space 36352K, 21% used [0x00000000fb900000,0x00000000fc0a64a8,0x00000000fdc80000)
  to   space 36352K, 0% used [0x00000000fdc80000,0x00000000fdc80000,0x0000000100000000)
 ParOldGen       total 182272K, used 62137K [0x00000000a0000000, 0x00000000ab200000, 0x00000000e0000000)
  object space 182272K, 34% used [0x00000000a0000000,0x00000000a3cae630,0x00000000ab200000)
 Metaspace       used 84110K, capacity 89316K, committed 92184K, reserved 1130496K
  class space    used 10534K, capacity 11411K, committed 12080K, reserved 1048576K
}
Event: 2231.744 GC heap before
{Heap before GC invocations=38 (full 4):
 PSYoungGen      total 487936K, used 459417K [0x00000000e0000000, 0x0000000100000000, 0x0000000100000000)
  eden space 451584K, 100% used [0x00000000e0000000,0x00000000fb900000,0x00000000fb900000)
  from space 36352K, 21% used [0x00000000fb900000,0x00000000fc0a64a8,0x00000000fdc80000)
  to   space 36352K, 0% used [0x00000000fdc80000,0x00000000fdc80000,0x0000000100000000)
 ParOldGen       total 182272K, used 62137K [0x00000000a0000000, 0x00000000ab200000, 0x00000000e0000000)
  object space 182272K, 34% used [0x00000000a0000000,0x00000000a3cae630,0x00000000ab200000)
 Metaspace       used 84144K, capacity 89380K, committed 92184K, reserved 1130496K
  class space    used 10534K, capacity 11411K, committed 12080K, reserved 1048576K
Event: 2231.759 GC heap after
Heap after GC invocations=38 (full 4):
 PSYoungGen      total 486912K, used 5011K [0x00000000e0000000, 0x0000000100000000, 0x0000000100000000)
  eden space 450560K, 0% used [0x00000000e0000000,0x00000000e0000000,0x00000000fb800000)
  from space 36352K, 13% used [0x00000000fdc80000,0x00000000fe164d80,0x0000000100000000)
  to   space 36864K, 0% used [0x00000000fb800000,0x00000000fb800000,0x00000000fdc00000)
 ParOldGen       total 182272K, used 66530K [0x00000000a0000000, 0x00000000ab200000, 0x00000000e0000000)
  object space 182272K, 36% used [0x00000000a0000000,0x00000000a40f8938,0x00000000ab200000)
 Metaspace       used 84144K, capacity 89380K, committed 92184K, reserved 1130496K
  class space    used 10534K, capacity 11411K, committed 12080K, reserved 1048576K
}
Event: 2233.251 GC heap before
{Heap before GC invocations=39 (full 4):
 PSYoungGen      total 486912K, used 455571K [0x00000000e0000000, 0x0000000100000000, 0x0000000100000000)
  eden space 450560K, 100% used [0x00000000e0000000,0x00000000fb800000,0x00000000fb800000)
  from space 36352K, 13% used [0x00000000fdc80000,0x00000000fe164d80,0x0000000100000000)
  to   space 36864K, 0% used [0x00000000fb800000,0x00000000fb800000,0x00000000fdc00000)
 ParOldGen       total 182272K, used 66530K [0x00000000a0000000, 0x00000000ab200000, 0x00000000e0000000)
  object space 182272K, 36% used [0x00000000a0000000,0x00000000a40f8938,0x00000000ab200000)
 Metaspace       used 84186K, capacity 89386K, committed 92184K, reserved 1130496K
  class space    used 10534K, capacity 11412K, committed 12080K, reserved 1048576K
Event: 2233.295 GC heap after
Heap after GC invocations=39 (full 4):
 PSYoungGen      total 487424K, used 36862K [0x00000000e0000000, 0x0000000100000000, 0x0000000100000000)
  eden space 450560K, 0% used [0x00000000e0000000,0x00000000e0000000,0x00000000fb800000)
  from space 36864K, 99% used [0x00000000fb800000,0x00000000fdbff9c8,0x00000000fdc00000)
  to   space 36864K, 0% used [0x00000000fdc00000,0x00000000fdc00000,0x0000000100000000)
 ParOldGen       total 182272K, used 70464K [0x00000000a0000000, 0x00000000ab200000, 0x00000000e0000000)
  object space 182272K, 38% used [0x00000000a0000000,0x00000000a44d03d8,0x00000000ab200000)
 Metaspace       used 84186K, capacity 89386K, committed 92184K, reserved 1130496K
  class space    used 10534K, capacity 11412K, committed 12080K, reserved 1048576K
}

Deoptimization events (10 events):
Event: 2233.694 Thread 0x000000001eb39800 Uncommon trap: reason=array_check action=maybe_recompile pc=0x0000000006fa5ee0 method=java.util.TimSort.mergeHi(IIII)V @ 657
Event: 2233.694 Thread 0x000000001eb39800 Uncommon trap: reason=array_check action=maybe_recompile pc=0x0000000006fa5ee0 method=java.util.TimSort.mergeHi(IIII)V @ 657
Event: 2234.000 Thread 0x00000000207fc800 Uncommon trap: reason=unstable_if action=reinterpret pc=0x00000000049d96c0 method=java.util.concurrent.ForkJoinPool.signalWork([Ljava/util/concurrent/ForkJoinPool$WorkQueue;Ljava/util/concurrent/ForkJoinPool$WorkQueue;)V @ 26
Event: 2234.037 Thread 0x00000000207fb000 Uncommon trap: reason=unstable_if action=reinterpret pc=0x000000000462c2e0 method=java.nio.Bits.copyToArray(JLjava/lang/Object;JJJ)V @ 19
Event: 2234.668 Thread 0x000000001d4f8000 Uncommon trap: reason=array_check action=maybe_recompile pc=0x0000000006fc74f0 method=java.util.TimSort.mergeHi(IIII)V @ 419
Event: 2234.668 Thread 0x000000001d4f8000 Uncommon trap: reason=array_check action=maybe_recompile pc=0x0000000006fc74f0 method=java.util.TimSort.mergeHi(IIII)V @ 419
Event: 2234.668 Thread 0x000000001d4f8000 Uncommon trap: reason=array_check action=maybe_recompile pc=0x0000000006be4f94 method=java.util.TimSort.mergeHi(IIII)V @ 419
Event: 2234.948 Thread 0x000000001e387800 Uncommon trap: reason=unstable_if action=reinterpret pc=0x0000000006409608 method=org.gradle.api.internal.changedetection.state.OrderInsensitiveTaskFilePropertyCompareStrategy$2.computeNext()Lorg/gradle/api/internal/changedetection/rules/TaskStateChange; 
Event: 2235.576 Thread 0x000000001e37c000 Uncommon trap: reason=bimorphic action=maybe_recompile pc=0x00000000043ec4b4 method=java.util.Collections.indexedBinarySearch(Ljava/util/List;Ljava/lang/Object;)I @ 39
Event: 2235.576 Thread 0x000000001e37c000 Uncommon trap: reason=bimorphic action=maybe_recompile pc=0x00000000043ec4b4 method=java.util.Collections.indexedBinarySearch(Ljava/util/List;Ljava/lang/Object;)I @ 39

Classes redefined (0 events):
No events

Internal exceptions (10 events):
Event: 2234.064 Thread 0x0000000020800000 Exception <a 'sun/nio/fs/WindowsException'> (0x00000000e7b07860) thrown at [D:\src\AOSP-openjdk-cygwin\jdk8u\hotspot\src\share\vm\prims\jni.cpp, line 709]
Event: 2234.069 Thread 0x000000001eb3d000 Exception <a 'sun/nio/fs/WindowsException'> (0x00000000e892eed8) thrown at [D:\src\AOSP-openjdk-cygwin\jdk8u\hotspot\src\share\vm\prims\jni.cpp, line 709]
Event: 2234.074 Thread 0x000000001eb37000 Exception <a 'sun/nio/fs/WindowsException'> (0x00000000e8ca3798) thrown at [D:\src\AOSP-openjdk-cygwin\jdk8u\hotspot\src\share\vm\prims\jni.cpp, line 709]
Event: 2234.075 Thread 0x000000001eb38000 Exception <a 'sun/nio/fs/WindowsException'> (0x00000000e8d39cf0) thrown at [D:\src\AOSP-openjdk-cygwin\jdk8u\hotspot\src\share\vm\prims\jni.cpp, line 709]
Event: 2234.080 Thread 0x0000000020807000 Exception <a 'sun/nio/fs/WindowsException'> (0x00000000e8f8c858) thrown at [D:\src\AOSP-openjdk-cygwin\jdk8u\hotspot\src\share\vm\prims\jni.cpp, line 709]
Event: 2234.080 Thread 0x00000000207fc800 Exception <a 'sun/nio/fs/WindowsException'> (0x00000000e91c0240) thrown at [D:\src\AOSP-openjdk-cygwin\jdk8u\hotspot\src\share\vm\prims\jni.cpp, line 709]
Event: 2234.083 Thread 0x000000001eb35000 Exception <a 'sun/nio/fs/WindowsException'> (0x00000000e9384120) thrown at [D:\src\AOSP-openjdk-cygwin\jdk8u\hotspot\src\share\vm\prims\jni.cpp, line 709]
Event: 2234.085 Thread 0x000000001d4fa800 Exception <a 'sun/nio/fs/WindowsException'> (0x00000000e9651fa0) thrown at [D:\src\AOSP-openjdk-cygwin\jdk8u\hotspot\src\share\vm\prims\jni.cpp, line 709]
Event: 2234.090 Thread 0x000000001d4fc800 Exception <a 'sun/nio/fs/WindowsException'> (0x00000000e99b5978) thrown at [D:\src\AOSP-openjdk-cygwin\jdk8u\hotspot\src\share\vm\prims\jni.cpp, line 709]
Event: 2234.849 Thread 0x000000001d4f8000 Exception <a 'sun/nio/fs/WindowsException'> (0x00000000f27ef660) thrown at [D:\src\AOSP-openjdk-cygwin\jdk8u\hotspot\src\share\vm\prims\jni.cpp, line 709]

Events (10 events):
Event: 2235.703 Executing VM operation: RevokeBias
Event: 2235.704 Executing VM operation: RevokeBias done
Event: 2235.705 Executing VM operation: RevokeBias
Event: 2235.705 Executing VM operation: RevokeBias done
Event: 2235.713 Executing VM operation: RevokeBias
Event: 2235.713 Executing VM operation: RevokeBias done
Event: 2235.715 Thread 0x0000000018c22000 flushing nmethod 0x0000000004c7e790
Event: 2235.726 Executing VM operation: RevokeBias
Event: 2235.726 Executing VM operation: RevokeBias done
Event: 2235.851 Thread 0x0000000018c1e800 flushing nmethod 0x0000000005804ed0


Dynamic libraries:
0x00007ff6916f0000 - 0x00007ff691721000 	C:\Program Files\Android\Android Studio\jre\bin\java.exe
0x00007fffafea0000 - 0x00007fffb0081000 	C:\Windows\SYSTEM32\ntdll.dll
0x00007fffaf420000 - 0x00007fffaf4d2000 	C:\Windows\System32\KERNEL32.DLL
0x00007fffad040000 - 0x00007fffad2b3000 	C:\Windows\System32\KERNELBASE.dll
0x00007fffad8d0000 - 0x00007fffad971000 	C:\Windows\System32\ADVAPI32.dll
0x00007fffaf6a0000 - 0x00007fffaf73e000 	C:\Windows\System32\msvcrt.dll
0x00007fffad780000 - 0x00007fffad7db000 	C:\Windows\System32\sechost.dll
0x00007fffaf850000 - 0x00007fffaf974000 	C:\Windows\System32\RPCRT4.dll
0x00007fffad9e0000 - 0x00007fffadb70000 	C:\Windows\System32\USER32.dll
0x00007fffad2c0000 - 0x00007fffad2e0000 	C:\Windows\System32\win32u.dll
0x00007fffadcd0000 - 0x00007fffadcf8000 	C:\Windows\System32\GDI32.dll
0x00007ffface40000 - 0x00007fffacfd2000 	C:\Windows\System32\gdi32full.dll
0x00007fffac370000 - 0x00007fffac40f000 	C:\Windows\System32\msvcp_win.dll
0x00007fffac270000 - 0x00007fffac36a000 	C:\Windows\System32\ucrtbase.dll
0x00007fffa4940000 - 0x00007fffa4ba9000 	C:\Windows\WinSxS\amd64_microsoft.windows.common-controls_6595b64144ccf1df_6.0.17134.48_none_b4b2216a3cb4dd3e\COMCTL32.dll
0x00007fffad330000 - 0x00007fffad653000 	C:\Windows\System32\combase.dll
0x00007fffacd10000 - 0x00007fffacd8a000 	C:\Windows\System32\bcryptPrimitives.dll
0x00007fffaf820000 - 0x00007fffaf84d000 	C:\Windows\System32\IMM32.DLL
0x000000006ebe0000 - 0x000000006ecb2000 	C:\Program Files\Android\Android Studio\jre\jre\bin\msvcr100.dll
0x000000006ecc0000 - 0x000000006f4ff000 	C:\Program Files\Android\Android Studio\jre\jre\bin\server\jvm.dll
0x00007fffaf690000 - 0x00007fffaf698000 	C:\Windows\System32\PSAPI.DLL
0x00007fff9ccc0000 - 0x00007fff9ccc9000 	C:\Windows\SYSTEM32\WSOCK32.dll
0x00007fffa8bf0000 - 0x00007fffa8c13000 	C:\Windows\SYSTEM32\WINMM.dll
0x00007fffaade0000 - 0x00007fffaadea000 	C:\Windows\SYSTEM32\VERSION.dll
0x00007fffad660000 - 0x00007fffad6cc000 	C:\Windows\System32\WS2_32.dll
0x00007fffa8bc0000 - 0x00007fffa8bea000 	C:\Windows\SYSTEM32\winmmbase.dll
0x00007fffad2e0000 - 0x00007fffad329000 	C:\Windows\System32\cfgmgr32.dll
0x00007fffa8c50000 - 0x00007fffa8c5f000 	C:\Program Files\Android\Android Studio\jre\jre\bin\verify.dll
0x00007fffa73c0000 - 0x00007fffa73e9000 	C:\Program Files\Android\Android Studio\jre\jre\bin\java.dll
0x00007fffa7860000 - 0x00007fffa7876000 	C:\Program Files\Android\Android Studio\jre\jre\bin\zip.dll
0x00007fffadd00000 - 0x00007fffaf140000 	C:\Windows\System32\SHELL32.dll
0x00007fffad6d0000 - 0x00007fffad779000 	C:\Windows\System32\shcore.dll
0x00007fffac600000 - 0x00007fffacd0d000 	C:\Windows\System32\windows.storage.dll
0x00007fffaf7c0000 - 0x00007fffaf811000 	C:\Windows\System32\shlwapi.dll
0x00007fffac250000 - 0x00007fffac261000 	C:\Windows\System32\kernel.appcore.dll
0x00007fffac1b0000 - 0x00007fffac1cf000 	C:\Windows\System32\profapi.dll
0x00007fffac1d0000 - 0x00007fffac21c000 	C:\Windows\System32\powrprof.dll
0x00007fffac220000 - 0x00007fffac22a000 	C:\Windows\System32\FLTLIB.DLL
0x00007fffa7710000 - 0x00007fffa772a000 	C:\Program Files\Android\Android Studio\jre\jre\bin\net.dll
0x00007fffaba30000 - 0x00007fffaba96000 	C:\Windows\system32\mswsock.dll
0x00007fffa73a0000 - 0x00007fffa73b1000 	C:\Program Files\Android\Android Studio\jre\jre\bin\nio.dll
0x00007fffaabc0000 - 0x00007fffaabde000 	C:\Users\aleks\.gradle\native\25\windows-amd64\native-platform.dll
0x00007fffa7350000 - 0x00007fffa735d000 	C:\Program Files\Android\Android Studio\jre\jre\bin\management.dll
0x00007fffabbe0000 - 0x00007fffabbf7000 	C:\Windows\SYSTEM32\CRYPTSP.dll
0x00007fffab5b0000 - 0x00007fffab5e3000 	C:\Windows\system32\rsaenh.dll
0x00007fffabd10000 - 0x00007fffabd35000 	C:\Windows\SYSTEM32\bcrypt.dll
0x00007fffac0b0000 - 0x00007fffac0d8000 	C:\Windows\SYSTEM32\USERENV.dll
0x00007fffabc00000 - 0x00007fffabc0b000 	C:\Windows\SYSTEM32\CRYPTBASE.dll
0x00007fffab7b0000 - 0x00007fffab7e8000 	C:\Windows\SYSTEM32\IPHLPAPI.DLL
0x00007fffadbf0000 - 0x00007fffadbf8000 	C:\Windows\System32\NSI.dll
0x00007fffa53b0000 - 0x00007fffa53c6000 	C:\Windows\SYSTEM32\dhcpcsvc6.DLL
0x00007fffa5390000 - 0x00007fffa53aa000 	C:\Windows\SYSTEM32\dhcpcsvc.DLL
0x00007fffab2a0000 - 0x00007fffab2d1000 	C:\Windows\SYSTEM32\ntmarta.dll

VM Arguments:
jvm_args: -Xmx1536m -Dfile.encoding=windows-1251 -Duser.country=RU -Duser.language=ru -Duser.variant 
java_command: org.gradle.launcher.daemon.bootstrap.GradleDaemon 4.4
java_class_path (initial): C:\Users\aleks\.gradle\wrapper\dists\gradle-4.4-all\9br9xq1tocpiv8o6njlyu5op1\gradle-4.4\lib\gradle-launcher-4.4.jar
Launcher Type: SUN_STANDARD

Environment Variables:
PATH=C:\Program Files (x86)\Common Files\Oracle\Java\javapath;C:\Windows\system32;C:\Windows;C:\Windows\System32\Wbem;C:\Windows\System32\WindowsPowerShell\v1.0\;C:\Windows\System32\OpenSSH\;C:\Program Files\PuTTY\;C:\Program Files (x86)\Windows Live\Shared;C:\Program Files\Git\cmd;C:\Users\aleks\AppData\Local\Microsoft\WindowsApps;
USERNAME=aleks
OS=Windows_NT
PROCESSOR_IDENTIFIER=AMD64 Family 21 Model 2 Stepping 0, AuthenticAMD



---------------  S Y S T E M  ---------------

OS: Windows 10.0 , 64 bit Build 17134 (10.0.17134.1)

CPU:total 8 (initial active 8) (8 cores per cpu, 1 threads per core) family 21 model 2 stepping 0, cmov, cx8, fxsr, mmx, sse, sse2, sse3, ssse3, sse4.1, sse4.2, popcnt, avx, aes, clmul, mmxext, 3dnowpref, lzcnt, sse4a, tsc, tscinvbit, tscinv, bmi1

Memory: 4k page, physical 8286556k(911340k free), swap 8286556k(4088k free)

vm_info: OpenJDK 64-Bit Server VM (25.152-b02) for windows-amd64 JRE (1.8.0_152-release-1024-b02), built by "builder" with MS VC++ 10.0 (VS2010)

time: Mon Jul 23 03:24:26 2018
elapsed time: 2236 seconds (0d 0h 37m 16s)

